<?xml version="1.0" encoding="UTF-8"?>
<testsuite name="MovieControllerTest" time="0.004" tests="2" errors="1" skipped="0" failures="0">
  <properties>
    <property name="java.runtime.name" value="Java(TM) SE Runtime Environment"/>
    <property name="sun.boot.library.path" value="/home/hashstudioz/Documents/jdk8/jre/lib/amd64"/>
    <property name="java.vm.version" value="25.221-b11"/>
    <property name="java.vm.vendor" value="Oracle Corporation"/>
    <property name="maven.multiModuleProjectDirectory" value="/home/hashstudioz/Documents/Restaurant-SpringBoot-Backend-master"/>
    <property name="java.vendor.url" value="http://java.oracle.com/"/>
    <property name="path.separator" value=":"/>
    <property name="guice.disable.misplaced.annotation.check" value="true"/>
    <property name="java.vm.name" value="Java HotSpot(TM) 64-Bit Server VM"/>
    <property name="file.encoding.pkg" value="sun.io"/>
    <property name="user.country" value="IN"/>
    <property name="sun.java.launcher" value="SUN_STANDARD"/>
    <property name="sun.os.patch.level" value="unknown"/>
    <property name="java.vm.specification.name" value="Java Virtual Machine Specification"/>
    <property name="user.dir" value="/home/hashstudioz/Documents/Restaurant-SpringBoot-Backend-master"/>
    <property name="java.runtime.version" value="1.8.0_221-b11"/>
    <property name="java.awt.graphicsenv" value="sun.awt.X11GraphicsEnvironment"/>
    <property name="java.endorsed.dirs" value="/home/hashstudioz/Documents/jdk8/jre/lib/endorsed"/>
    <property name="os.arch" value="amd64"/>
    <property name="java.io.tmpdir" value="/tmp"/>
    <property name="line.separator" value="&#10;"/>
    <property name="java.vm.specification.vendor" value="Oracle Corporation"/>
    <property name="os.name" value="Linux"/>
    <property name="maven.ext.class.path" value="/home/hashstudioz/Downloads/ideaIC-2019.3/idea-IC-193.5233.102/plugins/maven/lib/maven-event-listener.jar"/>
    <property name="classworlds.conf" value="/home/hashstudioz/Downloads/ideaIC-2019.3/idea-IC-193.5233.102/plugins/maven/lib/maven3/bin/m2.conf"/>
    <property name="sun.jnu.encoding" value="UTF-8"/>
    <property name="java.library.path" value="/usr/java/packages/lib/amd64:/usr/lib64:/lib64:/lib:/usr/lib"/>
    <property name="maven.conf" value="/home/hashstudioz/Downloads/ideaIC-2019.3/idea-IC-193.5233.102/plugins/maven/lib/maven3/conf"/>
    <property name="java.specification.name" value="Java Platform API Specification"/>
    <property name="java.class.version" value="52.0"/>
    <property name="sun.management.compiler" value="HotSpot 64-Bit Tiered Compilers"/>
    <property name="os.version" value="5.3.0-46-generic"/>
    <property name="user.home" value="/home/hashstudioz"/>
    <property name="user.timezone" value="Asia/Kolkata"/>
    <property name="java.awt.printerjob" value="sun.print.PSPrinterJob"/>
    <property name="java.specification.version" value="1.8"/>
    <property name="file.encoding" value="UTF-8"/>
    <property name="user.name" value="hashstudioz"/>
    <property name="java.class.path" value="/home/hashstudioz/Downloads/ideaIC-2019.3/idea-IC-193.5233.102/plugins/maven/lib/maven3/boot/plexus-classworlds-2.6.0.jar:/home/hashstudioz/Downloads/ideaIC-2019.3/idea-IC-193.5233.102/lib/idea_rt.jar"/>
    <property name="java.vm.specification.version" value="1.8"/>
    <property name="sun.arch.data.model" value="64"/>
    <property name="java.home" value="/home/hashstudioz/Documents/jdk8/jre"/>
    <property name="sun.java.command" value="org.codehaus.classworlds.Launcher -Didea.version2019.3 test"/>
    <property name="java.specification.vendor" value="Oracle Corporation"/>
    <property name="user.language" value="en"/>
    <property name="awt.toolkit" value="sun.awt.X11.XToolkit"/>
    <property name="java.vm.info" value="mixed mode"/>
    <property name="java.version" value="1.8.0_221"/>
    <property name="java.ext.dirs" value="/home/hashstudioz/Documents/jdk8/jre/lib/ext:/usr/java/packages/lib/ext"/>
    <property name="securerandom.source" value="file:/dev/./urandom"/>
    <property name="sun.boot.class.path" value="/home/hashstudioz/Documents/jdk8/jre/lib/resources.jar:/home/hashstudioz/Documents/jdk8/jre/lib/rt.jar:/home/hashstudioz/Documents/jdk8/jre/lib/sunrsasign.jar:/home/hashstudioz/Documents/jdk8/jre/lib/jsse.jar:/home/hashstudioz/Documents/jdk8/jre/lib/jce.jar:/home/hashstudioz/Documents/jdk8/jre/lib/charsets.jar:/home/hashstudioz/Documents/jdk8/jre/lib/jfr.jar:/home/hashstudioz/Documents/jdk8/jre/classes"/>
    <property name="java.vendor" value="Oracle Corporation"/>
    <property name="maven.home" value="/home/hashstudioz/Downloads/ideaIC-2019.3/idea-IC-193.5233.102/plugins/maven/lib/maven3"/>
    <property name="file.separator" value="/"/>
    <property name="idea.version2019.3" value="true"/>
    <property name="java.vendor.url.bug" value="http://bugreport.sun.com/bugreport/"/>
    <property name="sun.cpu.endian" value="little"/>
    <property name="sun.io.unicode.encoding" value="UnicodeLittle"/>
    <property name="sun.desktop" value="gnome"/>
    <property name="sun.cpu.isalist" value=""/>
  </properties>
  <testcase name="testMovieController" classname="MovieControllerTest" time="0"/>
  <testcase name="testMovieAdd" classname="MovieControllerTest" time="0.004">
    <error type="java.lang.NullPointerException:">java.lang.NullPointerException: null
	at com.fortinet.controller.MovieController.addMovie(MovieController.java:49)
	at MovieControllerTest.testMovieAdd(MovieControllerTest.java:20)
</error>
  </testcase>
</testsuite>